<?xml version="1.0" encoding="UTF-8"?>
<testsuite name="com.polytechmtp.keycloak.CovidAlertApplicationTests" tests="1" skipped="0" failures="0" errors="0" timestamp="2020-11-25T21:25:34" hostname="macbook-pro-de-solene.home" time="0.022">
  <properties/>
  <testcase name="contextLoads()" classname="com.polytechmtp.keycloak.CovidAlertApplicationTests" time="0.022"/>
  <system-out><![CDATA[]]></system-out>
  <system-err><![CDATA[]]></system-err>
</testsuite>
